<?xml version="1.0" encoding="UTF-8"?>
<!-- Generated by org.testng.reporters.JUnitReportReporter -->
<testsuite skipped="0" hostname="TJ-LP-211" name="testclasses.BasicInformationTest" tests="1" failures="0" timestamp="2025-02-05T22:10:39 IST" time="8.903" errors="0">
  <testcase name="TC001_selectdob" time="8.903" classname="testclasses.BasicInformationTest"/>
  <system-out/>
</testsuite> <!-- testclasses.BasicInformationTest -->
