<?xml version="1.0" encoding="UTF-8"?>
<!-- Generated by org.testng.reporters.JUnitReportReporter -->
<testsuite skipped="0" hostname="TJ-LP-211" name="testclasses.BaseClass" tests="1" failures="0" timestamp="2025-02-05T12:47:24 IST" time="16.726" errors="0">
  <testcase name="launchBrowser" time="16.726" classname="testclasses.BaseClass"/>
  <system-out/>
</testsuite> <!-- testclasses.BaseClass -->
