<?xml version="1.0" encoding="UTF-8"?>
<!-- Generated by org.testng.reporters.JUnitReportReporter -->
<testsuite skipped="0" hostname="TJ-LP-211" name="testclasses.GoogleCreateAccountTest" tests="1" failures="0" timestamp="2025-02-05T22:10:39 IST" time="2.340" errors="0">
  <testcase name="TC001_enterName" time="2.340" classname="testclasses.GoogleCreateAccountTest"/>
  <system-out/>
</testsuite> <!-- testclasses.GoogleCreateAccountTest -->
